0 info it worked if it ends with ok
1 verbose cli [ 'node',
1 verbose cli   '/Users/jessicatremblay/.nvm/versions/node/v0.12.4/bin/npm',
1 verbose cli   'run',
1 verbose cli   'dev' ]
2 info using npm@3.4.0
3 info using node@v0.12.4
4 verbose run-script [ 'predev', 'dev', 'postdev' ]
5 info lifecycle basic-css@1.0.0~predev: basic-css@1.0.0
6 silly lifecycle basic-css@1.0.0~predev: no script for predev, continuing
7 info lifecycle basic-css@1.0.0~dev: basic-css@1.0.0
8 verbose lifecycle basic-css@1.0.0~dev: unsafe-perm in lifecycle true
9 verbose lifecycle basic-css@1.0.0~dev: PATH: /Users/jessicatremblay/.nvm/versions/node/v0.12.4/lib/node_modules/npm/bin/node-gyp-bin:/Users/jessicatremblay/Documents/2018.coldfront.co/node_modules/.bin:/Users/jessicatremblay/.avn/bin:/Users/jessicatremblay/.nvm/versions/node/v0.12.4/bin:/usr/local/bin:/usr/bin:/bin:/usr/sbin:/sbin
10 verbose lifecycle basic-css@1.0.0~dev: CWD: /Users/jessicatremblay/Documents/2018.coldfront.co
11 silly lifecycle basic-css@1.0.0~dev: Args: [ '-c', 'node server.js' ]
12 silly lifecycle basic-css@1.0.0~dev: Returned: code: 1  signal: null
13 info lifecycle basic-css@1.0.0~dev: Failed to exec dev script
14 verbose stack Error: basic-css@1.0.0 dev: `node server.js`
14 verbose stack Exit status 1
14 verbose stack     at EventEmitter.<anonymous> (/Users/jessicatremblay/.nvm/versions/node/v0.12.4/lib/node_modules/npm/lib/utils/lifecycle.js:232:16)
14 verbose stack     at EventEmitter.emit (events.js:110:17)
14 verbose stack     at ChildProcess.<anonymous> (/Users/jessicatremblay/.nvm/versions/node/v0.12.4/lib/node_modules/npm/lib/utils/spawn.js:24:14)
14 verbose stack     at ChildProcess.emit (events.js:110:17)
14 verbose stack     at maybeClose (child_process.js:1015:16)
14 verbose stack     at Process.ChildProcess._handle.onexit (child_process.js:1087:5)
15 verbose pkgid basic-css@1.0.0
16 verbose cwd /Users/jessicatremblay/Documents/2018.coldfront.co
17 error Darwin 17.4.0
18 error argv "node" "/Users/jessicatremblay/.nvm/versions/node/v0.12.4/bin/npm" "run" "dev"
19 error node v0.12.4
20 error npm  v3.4.0
21 error code ELIFECYCLE
22 error basic-css@1.0.0 dev: `node server.js`
22 error Exit status 1
23 error Failed at the basic-css@1.0.0 dev script 'node server.js'.
23 error Make sure you have the latest version of node.js and npm installed.
23 error If you do, this is most likely a problem with the basic-css package,
23 error not with npm itself.
23 error Tell the author that this fails on your system:
23 error     node server.js
23 error You can get their info via:
23 error     npm owner ls basic-css
23 error There is likely additional logging output above.
24 verbose exit [ 1, true ]
